
Showing logs for build [32mcb-kubecd-environment-pr-1492-5-5wmxm-1[0m stage [32mfrom-build-pack[0m and container [32mstep-credential-initializer-f8qdb[0m
{"level":"info","ts":1589805972.338544,"logger":"fallback-logger","caller":"logging/config.go:69","msg":"Fetch GitHub commit ID from kodata failed: open /var/run/ko/refs/heads/0.8.0-ns-support: no such file or directory"}
{"level":"info","ts":1589805972.3390949,"logger":"fallback-logger","caller":"creds-init/main.go:40","msg":"Credentials initialized."}

Showing logs for build [32mcb-kubecd-environment-pr-1492-5-5wmxm-1[0m stage [32mfrom-build-pack[0m and container [32mstep-working-dir-initializer-2gbh4[0m
{"level":"info","ts":1589805973.0554144,"logger":"fallback-logger","caller":"logging/config.go:69","msg":"Fetch GitHub commit ID from kodata failed: open /var/run/ko/HEAD: no such file or directory"}
{"level":"info","ts":1589805973.0570157,"logger":"fallback-logger","caller":"bash/main.go:64","msg":"Successfully executed command \"sh -c mkdir -p /workspace/source\"; output "}

Showing logs for build [32mcb-kubecd-environment-pr-1492-5-5wmxm-1[0m stage [32mfrom-build-pack[0m and container [32mstep-place-tools[0m

Showing logs for build [32mcb-kubecd-environment-pr-1492-5-5wmxm-1[0m stage [32mfrom-build-pack[0m and container [32mstep-git-source-cb-kubecd-environment-pr-1492-5-5wmxm-phsc8[0m
{"level":"info","ts":1589805977.1327438,"logger":"fallback-logger","caller":"logging/config.go:69","msg":"Fetch GitHub commit ID from kodata failed: open /var/run/ko/refs/heads/0.8.0-ns-support: no such file or directory"}
{"level":"info","ts":1589805978.1668158,"logger":"fallback-logger","caller":"git/git.go:103","msg":"Successfully cloned https://github.com/cb-kubecd/environment-pr-1492-5-bdd-frontend-staging.git @ master in path /workspace/source"}

Showing logs for build [32mcb-kubecd-environment-pr-1492-5-5wmxm-1[0m stage [32mfrom-build-pack[0m and container [32mstep-git-merge[0m
Using SHAs from PULL_REFS=master:7eb01ac33f4f8310d16508120e0bd8ebb490f171,1:eb2cf8a2efe9c5c4bd55156bc8e3bd7f99ef9733
DEBUG: LC_ALL=C JX_LOG_LEVEL=error git fetch origin --unshallow eb2cf8a2efe9c5c4bd55156bc8e3bd7f99ef9733: 7eb01ac33f4f8310d16508120e0bd8ebb490f171:
DEBUG: ran git fetch --unshallow origin eb2cf8a2efe9c5c4bd55156bc8e3bd7f99ef9733: 7eb01ac33f4f8310d16508120e0bd8ebb490f171: in 
DEBUG: LC_ALL=C JX_LOG_LEVEL=error git branch
DEBUG: LC_ALL=C JX_LOG_LEVEL=error git checkout master
DEBUG: ran git checkout master in 
DEBUG: LC_ALL=C JX_LOG_LEVEL=error git reset --hard 7eb01ac33f4f8310d16508120e0bd8ebb490f171
DEBUG: ran git reset --hard 7eb01ac33f4f8310d16508120e0bd8ebb490f171 in 
DEBUG: LC_ALL=C JX_LOG_LEVEL=error git clean -fd .
DEBUG: ran clean --force -d . in 
DEBUG: LC_ALL=C JX_LOG_LEVEL=error git merge eb2cf8a2efe9c5c4bd55156bc8e3bd7f99ef9733
DEBUG: ran git merge eb2cf8a2efe9c5c4bd55156bc8e3bd7f99ef9733 in 
DEBUG: LC_ALL=C JX_LOG_LEVEL=error git log --format=%H%x1f%an%x1f%ae%x1f%cn%x1f%ce%x1f%s%n%b%x1e 7eb01ac33f4f8310d16508120e0bd8ebb490f171..HEAD
Merged SHA eb2cf8a2efe9c5c4bd55156bc8e3bd7f99ef9733 with commit message 'chore: Promote bdd-nh-1589804949 to version 0.0.1' into base branch master

Showing logs for build [32mcb-kubecd-environment-pr-1492-5-5wmxm-1[0m stage [32mfrom-build-pack[0m and container [32mstep-build-helm-build[0m
WARNING: No $CHART_REPOSITORY defined so using the default value of: http://jenkins-x-chartmuseum:8080
Adding missing Helm repo: storage.googleapis.com https://storage.googleapis.com/chartmuseum.jenkins-x.io
WARNING: No secrets found on "helm/repos" due: reading the secret "helm/repos" from vault: no secret "helm/repos" not found in vault
Read credentials for https://storage.googleapis.com/chartmuseum.jenkins-x.io from vault helm/repos
Successfully added Helm repository storage.googleapis.com.
Adding missing Helm repo: jenkins-x-chartmuseum http://jenkins-x-chartmuseum:8080
WARNING: No secrets found on "helm/repos" due: reading the secret "helm/repos" from vault: no secret "helm/repos" not found in vault
Read credentials for http://jenkins-x-chartmuseum:8080 from vault helm/repos
Successfully added Helm repository jenkins-x-chartmuseum.
WARNING: No $CHART_REPOSITORY defined so using the default value of: http://jenkins-x-chartmuseum:8080
Adding missing Helm repo: chartmuseum.jenkins-x.io http://chartmuseum.jenkins-x.io
WARNING: No secrets found on "helm/repos" due: reading the secret "helm/repos" from vault: no secret "helm/repos" not found in vault
Read credentials for http://chartmuseum.jenkins-x.io from vault helm/repos
Successfully added Helm repository chartmuseum.jenkins-x.io.
